<?xml version="1.0" encoding="UTF-8"?>
<!-- Generated by org.testng.reporters.JUnitReportReporter -->
<testsuite skipped="0" hostname="DESKTOP-IAHLSLS" name="restAPI.PostRequestWithFile" tests="1" failures="0" timestamp="09 Dec 2022 18:12:54 GMT" time="9.353" errors="0">
  <testcase name="test1" time="9.353" classname="restAPI.PostRequestWithFile"/>
</testsuite> <!-- restAPI.PostRequestWithFile -->
