<?xml version="1.0" encoding="UTF-8"?>
<!-- Generated by org.testng.reporters.JUnitReportReporter -->
<testsuite skipped="0" hostname="DESKTOP-IAHLSLS" name="restAPI.DeleteRequest" tests="1" failures="0" timestamp="09 Dec 2022 18:24:57 GMT" time="6.677" errors="0">
  <testcase name="test1" time="6.677" classname="restAPI.DeleteRequest"/>
</testsuite> <!-- restAPI.DeleteRequest -->
