<?xml version="1.0" encoding="UTF-8"?>
<!-- Generated by org.testng.reporters.JUnitReportReporter -->
<testsuite skipped="0" hostname="DESKTOP-IAHLSLS" name="restAPI.GetRequestWithParameter" tests="1" failures="0" timestamp="08 Dec 2022 18:10:38 GMT" time="11.056" errors="0">
  <testcase name="test2" time="11.056" classname="restAPI.GetRequestWithParameter"/>
</testsuite> <!-- restAPI.GetRequestWithParameter -->
