<?xml version="1.0" encoding="UTF-8"?>
<!-- Generated by org.testng.reporters.JUnitReportReporter -->
<testsuite skipped="0" hostname="DESKTOP-IAHLSLS" name="restAPI.GetRequest" tests="1" failures="0" timestamp="09 Dec 2022 18:24:27 GMT" time="11.734" errors="0">
  <testcase name="test1" time="11.734" classname="restAPI.GetRequest"/>
</testsuite> <!-- restAPI.GetRequest -->
