<?xml version="1.0" encoding="UTF-8"?>
<!-- Generated by org.testng.reporters.JUnitReportReporter -->
<testsuite skipped="0" hostname="DESKTOP-IAHLSLS" name="restAPIBDD.PostRequest" tests="1" failures="0" timestamp="09 Dec 2022 19:31:42 GMT" time="13.643" errors="0">
  <testcase name="test1" time="13.643" classname="restAPIBDD.PostRequest"/>
</testsuite> <!-- restAPIBDD.PostRequest -->
