<?xml version="1.0" encoding="UTF-8"?>
<!-- Generated by org.testng.reporters.JUnitReportReporter -->
<testsuite skipped="0" hostname="DESKTOP-IAHLSLS" name="restAPIBDD.GetRequest" tests="3" failures="0" timestamp="09 Dec 2022 19:38:26 GMT" time="15.938" errors="0">
  <testcase name="test2" time="5.031" classname="restAPIBDD.GetRequest"/>
  <testcase name="test3" time="1.447" classname="restAPIBDD.GetRequest"/>
  <testcase name="test1" time="9.460" classname="restAPIBDD.GetRequest"/>
</testsuite> <!-- restAPIBDD.GetRequest -->
