<?xml version="1.0" encoding="UTF-8"?>
<!-- Generated by org.testng.reporters.JUnitReportReporter -->
<testsuite skipped="0" hostname="DESKTOP-IAHLSLS" name="restAPI.PutRequest" tests="1" failures="0" timestamp="09 Dec 2022 18:19:10 GMT" time="8.108" errors="0">
  <testcase name="test1" time="8.108" classname="restAPI.PutRequest"/>
</testsuite> <!-- restAPI.PutRequest -->
