<?xml version="1.0" encoding="UTF-8"?>
<!-- Generated by org.testng.reporters.JUnitReportReporter -->
<testsuite skipped="0" hostname="DESKTOP-IAHLSLS" name="restAPIXML.XMLExample" tests="1" failures="0" timestamp="09 Dec 2022 18:55:59 GMT" time="14.958" errors="0">
  <testcase name="test1" time="14.958" classname="restAPIXML.XMLExample"/>
</testsuite> <!-- restAPIXML.XMLExample -->
