<?xml version="1.0" encoding="UTF-8"?>
<!-- Generated by org.testng.reporters.JUnitReportReporter -->
<testsuite skipped="0" hostname="DESKTOP-IAHLSLS" name="restAPI.PostRequestWithMAP" tests="1" failures="0" timestamp="09 Dec 2022 17:53:55 GMT" time="7.657" errors="0">
  <testcase name="test1" time="7.657" classname="restAPI.PostRequestWithMAP"/>
</testsuite> <!-- restAPI.PostRequestWithMAP -->
