<?xml version="1.0" encoding="UTF-8"?>
<!-- Generated by org.testng.reporters.JUnitReportReporter -->
<testsuite skipped="0" hostname="DESKTOP-IAHLSLS" name="restAPI.PostRequest" tests="1" failures="0" timestamp="08 Dec 2022 18:52:38 GMT" time="6.954" errors="0">
  <testcase name="test1" time="6.954" classname="restAPI.PostRequest"/>
</testsuite> <!-- restAPI.PostRequest -->
