<?xml version="1.0" encoding="UTF-8"?>
<!-- Generated by org.testng.reporters.JUnitReportReporter -->
<testsuite skipped="0" hostname="DESKTOP-IAHLSLS" name="restGitHub.CreateRepo" tests="1" failures="0" timestamp="09 Dec 2022 19:56:38 GMT" time="10.950" errors="0">
  <testcase name="test1" time="10.950" classname="restGitHub.CreateRepo"/>
</testsuite> <!-- restGitHub.CreateRepo -->
